Error: Unable to access jarfile delivery-0.0.1-SNAPSHOT.jar

  .   ____          _            __ _ _
 /\\ / ___'_ __ _ _(_)_ __  __ _ \ \ \ \
( ( )\___ | '_ | '_| | '_ \/ _` | \ \ \ \
 \\/  ___)| |_)| | | | | || (_| |  ) ) ) )
  '  |____| .__|_| |_|_| |_\__, | / / / /
 =========|_|==============|___/=/_/_/_/
 :: Spring Boot ::               (v2.7.17)

2024-05-06 15:00:06.989  INFO 5676 --- [           main] c.example.beentime.BeentimeApplication   : Starting BeentimeApplication v0.0.1-SNAPSHOT using Java 11.0.20 on bagjiyeong-ui-MacBookAir.local with PID 5676 (/Users/gzero/Downloads/beentime/target/beentime-0.0.1-SNAPSHOT.jar started by gzero in /Users/gzero/Downloads/beentime/target)
2024-05-06 15:00:06.991  INFO 5676 --- [           main] c.example.beentime.BeentimeApplication   : No active profile set, falling back to 1 default profile: "default"
2024-05-06 15:00:08.182  INFO 5676 --- [           main] o.s.b.w.embedded.tomcat.TomcatWebServer  : Tomcat initialized with port(s): 8089 (http)
2024-05-06 15:00:08.194  INFO 5676 --- [           main] o.apache.catalina.core.StandardService   : Starting service [Tomcat]
2024-05-06 15:00:08.195  INFO 5676 --- [           main] org.apache.catalina.core.StandardEngine  : Starting Servlet engine: [Apache Tomcat/9.0.82]
2024-05-06 15:00:08.278  INFO 5676 --- [           main] o.a.c.c.C.[Tomcat].[localhost].[/]       : Initializing Spring embedded WebApplicationContext
2024-05-06 15:00:08.278  INFO 5676 --- [           main] w.s.c.ServletWebServerApplicationContext : Root WebApplicationContext: initialization completed in 1237 ms
2024-05-06 15:00:08.705  WARN 5676 --- [           main] .s.s.UserDetailsServiceAutoConfiguration : 

Using generated security password: 576b1d93-f628-4c3f-a0b2-e96759853786

This generated password is for development use only. Your security configuration must be updated before running your application in production.

2024-05-06 15:00:08.803  INFO 5676 --- [           main] o.s.s.web.DefaultSecurityFilterChain     : Will secure any request with [org.springframework.security.web.session.DisableEncodeUrlFilter@a68df9, org.springframework.security.web.context.request.async.WebAsyncManagerIntegrationFilter@28b576a9, org.springframework.security.web.context.SecurityContextPersistenceFilter@71ea1fda, org.springframework.security.web.header.HeaderWriterFilter@3b809711, org.springframework.security.web.authentication.logout.LogoutFilter@350b3a17, org.springframework.security.web.savedrequest.RequestCacheAwareFilter@420745d7, org.springframework.security.web.servletapi.SecurityContextHolderAwareRequestFilter@2392212b, org.springframework.security.web.authentication.AnonymousAuthenticationFilter@7cf7aee, org.springframework.security.web.session.SessionManagementFilter@55a8dc49, org.springframework.security.web.access.ExceptionTranslationFilter@22175d4f, org.springframework.security.web.access.intercept.FilterSecurityInterceptor@53bf7094]
2024-05-06 15:00:09.196  INFO 5676 --- [           main] o.s.b.w.embedded.tomcat.TomcatWebServer  : Tomcat started on port(s): 8089 (http) with context path ''
2024-05-06 15:00:09.209  INFO 5676 --- [           main] c.example.beentime.BeentimeApplication   : Started BeentimeApplication in 2.627 seconds (JVM running for 2.998)
